Arguments: 
  /Users/wuz/.asdf/installs/nodejs/10.15.3/bin/node /Users/wuz/.yarn/bin/yarn.js init

PATH: 
  /Users/wuz/.asdf/installs/nodejs/10.15.3/bin:/Users/wuz/.asdf/installs/nodejs/10.15.3/.npm/bin::/Users/wuz/.files/bin:/Users/wuz/.yarn/bin:/Users/wuz/.config/yarn/global/node_modules/.bin:/Users/wuz/.deno/bin:/Library/Java/JavaVirtualMachines/openjdk-12.jdk/Contents/Home/bin:/usr/local/opt/make/libexec/gnubin:/usr/local/opt/coreutils/libexec/gnubin:/usr/local/opt/gettext/bin:/Users/wuz/go/bin:/Users/wuz/go:/Users/wuz/.asdf/shims:/Users/wuz/.asdf/bin:/usr/local/bin:/usr/bin:/bin:/usr/sbin:/sbin:/Applications/kitty.app/Contents/MacOS:/Users/wuz/.cache/dein/repos/github.com/junegunn/fzf/bin

Yarn version: 
  1.17.3

Node version: 
  10.15.3

Platform: 
  darwin x64

Trace: 
  Error: canceled
      at Interface.<anonymous> (/Users/wuz/.yarn/lib/cli.js:136724:13)
      at Interface.emit (events.js:189:13)
      at Interface._ttyWrite (readline.js:783:16)
      at ReadStream.onkeypress (readline.js:168:10)
      at ReadStream.emit (events.js:189:13)
      at emitKeys (internal/readline.js:424:14)
      at emitKeys.next (<anonymous>)
      at ReadStream.onData (readline.js:1022:36)
      at ReadStream.emit (events.js:189:13)
      at addChunk (_stream_readable.js:284:12)

npm manifest: 
  No manifest

yarn manifest: 
  No manifest

Lockfile: 
  No lockfile
